  [1m[35m (0.7ms)[0m  [1m[34mSELECT sqlite_version(*)[0m
  [1m[35m (2.1ms)[0m  [1m[35mCREATE TABLE "schema_migrations" ("version" varchar NOT NULL PRIMARY KEY)[0m
  [1m[35m (1.9ms)[0m  [1m[35mCREATE TABLE "ar_internal_metadata" ("key" varchar NOT NULL PRIMARY KEY, "value" varchar, "created_at" datetime(6) NOT NULL, "updated_at" datetime(6) NOT NULL)[0m
  [1m[35m (0.1ms)[0m  [1m[34mSELECT "schema_migrations"."version" FROM "schema_migrations" ORDER BY "schema_migrations"."version" ASC[0m
Migrating to CreateDoctors (20191024130315)
  [1m[35m (0.1ms)[0m  [1m[36mbegin transaction[0m
  [1m[35m (0.4ms)[0m  [1m[35mCREATE TABLE "doctors" ("id" integer PRIMARY KEY AUTOINCREMENT NOT NULL, "first_name" varchar, "last_name" varchar, "speciality" varchar, "zip_code" varchar, "created_at" datetime(6) NOT NULL, "updated_at" datetime(6) NOT NULL)[0m
  [1m[36mprimary::SchemaMigration Create (0.2ms)[0m  [1m[32mINSERT INTO "schema_migrations" ("version") VALUES (?)[0m  [["version", "20191024130315"]]
  [1m[35m (1.4ms)[0m  [1m[36mcommit transaction[0m
Migrating to CreatePatients (20191024130646)
  [1m[35m (0.0ms)[0m  [1m[36mbegin transaction[0m
  [1m[35m (0.3ms)[0m  [1m[35mCREATE TABLE "patients" ("id" integer PRIMARY KEY AUTOINCREMENT NOT NULL, "first_name" varchar, "last_name" varchar, "created_at" datetime(6) NOT NULL, "updated_at" datetime(6) NOT NULL)[0m
  [1m[36mprimary::SchemaMigration Create (0.2ms)[0m  [1m[32mINSERT INTO "schema_migrations" ("version") VALUES (?)[0m  [["version", "20191024130646"]]
  [1m[35m (1.5ms)[0m  [1m[36mcommit transaction[0m
Migrating to CreateAppointments (20191024130753)
  [1m[35m (0.1ms)[0m  [1m[36mbegin transaction[0m
  [1m[35m (0.3ms)[0m  [1m[35mCREATE TABLE "appointments" ("id" integer PRIMARY KEY AUTOINCREMENT NOT NULL, "Doctor_id" integer, "Patient_id" integer, "appointment_date" datetime, "created_at" datetime(6) NOT NULL, "updated_at" datetime(6) NOT NULL)[0m
  [1m[35m (0.1ms)[0m  [1m[35mCREATE  INDEX "index_appointments_on_Doctor_id" ON "appointments" ("Doctor_id")[0m
  [1m[35m (0.1ms)[0m  [1m[35mCREATE  INDEX "index_appointments_on_Patient_id" ON "appointments" ("Patient_id")[0m
  [1m[36mprimary::SchemaMigration Create (0.2ms)[0m  [1m[32mINSERT INTO "schema_migrations" ("version") VALUES (?)[0m  [["version", "20191024130753"]]
  [1m[35m (1.5ms)[0m  [1m[36mcommit transaction[0m
  [1m[36mActiveRecord::InternalMetadata Load (0.5ms)[0m  [1m[34mSELECT "ar_internal_metadata".* FROM "ar_internal_metadata" WHERE "ar_internal_metadata"."key" = ? LIMIT ?[0m  [["key", "environment"], ["LIMIT", 1]]
  [1m[35m (0.0ms)[0m  [1m[36mbegin transaction[0m
  [1m[36mActiveRecord::InternalMetadata Create (0.6ms)[0m  [1m[32mINSERT INTO "ar_internal_metadata" ("key", "value", "created_at", "updated_at") VALUES (?, ?, ?, ?)[0m  [["key", "environment"], ["value", "development"], ["created_at", "2019-10-24 13:16:55.390741"], ["updated_at", "2019-10-24 13:16:55.390741"]]
  [1m[35m (1.4ms)[0m  [1m[36mcommit transaction[0m
  [1m[35m (0.1ms)[0m  [1m[34mSELECT sqlite_version(*)[0m
  [1m[35m (0.1ms)[0m  [1m[34mSELECT "schema_migrations"."version" FROM "schema_migrations" ORDER BY "schema_migrations"."version" ASC[0m
  [1m[35m (0.7ms)[0m  [1m[34mSELECT sqlite_version(*)[0m
  [1m[35m (0.1ms)[0m  [1m[34mSELECT "schema_migrations"."version" FROM "schema_migrations" ORDER BY "schema_migrations"."version" ASC[0m
  [1m[36mActiveRecord::InternalMetadata Load (0.1ms)[0m  [1m[34mSELECT "ar_internal_metadata".* FROM "ar_internal_metadata" WHERE "ar_internal_metadata"."key" = ? LIMIT ?[0m  [["key", "environment"], ["LIMIT", 1]]
  [1m[35m (0.0ms)[0m  [1m[34mSELECT sqlite_version(*)[0m
  [1m[35m (0.1ms)[0m  [1m[34mSELECT "schema_migrations"."version" FROM "schema_migrations" ORDER BY "schema_migrations"."version" ASC[0m
  [1m[35m (0.7ms)[0m  [1m[34mSELECT sqlite_version(*)[0m
  [1m[35m (0.2ms)[0m  [1m[34mSELECT "schema_migrations"."version" FROM "schema_migrations" ORDER BY "schema_migrations"."version" ASC[0m
  [1m[35m (0.8ms)[0m  [1m[34mSELECT sqlite_version(*)[0m
  [1m[35m (0.1ms)[0m  [1m[36mbegin transaction[0m
  [1m[36mDoctor Create (0.9ms)[0m  [1m[32mINSERT INTO "doctors" ("created_at", "updated_at") VALUES (?, ?)[0m  [["created_at", "2019-10-24 13:26:51.366662"], ["updated_at", "2019-10-24 13:26:51.366662"]]
  [1m[35m (1.2ms)[0m  [1m[36mcommit transaction[0m
  [1m[35m (0.0ms)[0m  [1m[36mbegin transaction[0m
  [1m[36mPatient Create (0.6ms)[0m  [1m[32mINSERT INTO "patients" ("created_at", "updated_at") VALUES (?, ?)[0m  [["created_at", "2019-10-24 13:27:07.545123"], ["updated_at", "2019-10-24 13:27:07.545123"]]
  [1m[35m (1.0ms)[0m  [1m[36mcommit transaction[0m
  [1m[35m (0.6ms)[0m  [1m[34mSELECT sqlite_version(*)[0m
  [1m[35m (0.1ms)[0m  [1m[34mSELECT "schema_migrations"."version" FROM "schema_migrations" ORDER BY "schema_migrations"."version" ASC[0m
  [1m[35m (0.1ms)[0m  [1m[34mSELECT "schema_migrations"."version" FROM "schema_migrations" ORDER BY "schema_migrations"."version" ASC[0m
  [1m[35m (0.3ms)[0m  [1m[34mSELECT "schema_migrations"."version" FROM "schema_migrations" ORDER BY "schema_migrations"."version" ASC[0m
  [1m[35m (0.1ms)[0m  [1m[34mSELECT "schema_migrations"."version" FROM "schema_migrations" ORDER BY "schema_migrations"."version" ASC[0m
Migrating to CreateAppointments (20191024130753)
  [1m[35m (0.1ms)[0m  [1m[36mbegin transaction[0m
  [1m[35m (2.0ms)[0m  [1m[35mDROP TABLE "appointments"[0m
  [1m[36mprimary::SchemaMigration Destroy (0.3ms)[0m  [1m[31mDELETE FROM "schema_migrations" WHERE "schema_migrations"."version" = ?[0m  [["version", "20191024130753"]]
  [1m[35m (1.7ms)[0m  [1m[36mcommit transaction[0m
  [1m[35m (0.1ms)[0m  [1m[34mSELECT sqlite_version(*)[0m
  [1m[35m (0.1ms)[0m  [1m[34mSELECT "schema_migrations"."version" FROM "schema_migrations" ORDER BY "schema_migrations"."version" ASC[0m
  [1m[35m (0.7ms)[0m  [1m[34mSELECT sqlite_version(*)[0m
  [1m[35m (0.1ms)[0m  [1m[34mSELECT "schema_migrations"."version" FROM "schema_migrations" ORDER BY "schema_migrations"."version" ASC[0m
  [1m[35m (0.7ms)[0m  [1m[34mSELECT sqlite_version(*)[0m
  [1m[35m (0.1ms)[0m  [1m[34mSELECT "schema_migrations"."version" FROM "schema_migrations" ORDER BY "schema_migrations"."version" ASC[0m
Migrating to CreateAppointments (20191024130753)
  [1m[35m (0.1ms)[0m  [1m[36mbegin transaction[0m
  [1m[35m (0.5ms)[0m  [1m[35mCREATE TABLE "appointments" ("id" integer PRIMARY KEY AUTOINCREMENT NOT NULL, "Doctor_id" integer, "Patient_id" integer, "appointment_date" datetime, "created_at" datetime(6) NOT NULL, "updated_at" datetime(6) NOT NULL)[0m
  [1m[35m (0.1ms)[0m  [1m[35mCREATE  INDEX "index_appointments_on_Doctor_id" ON "appointments" ("Doctor_id")[0m
  [1m[35m (0.1ms)[0m  [1m[35mCREATE  INDEX "index_appointments_on_Patient_id" ON "appointments" ("Patient_id")[0m
  [1m[36mprimary::SchemaMigration Create (0.2ms)[0m  [1m[32mINSERT INTO "schema_migrations" ("version") VALUES (?)[0m  [["version", "20191024130753"]]
  [1m[35m (6.7ms)[0m  [1m[36mcommit transaction[0m
  [1m[36mActiveRecord::InternalMetadata Load (0.2ms)[0m  [1m[34mSELECT "ar_internal_metadata".* FROM "ar_internal_metadata" WHERE "ar_internal_metadata"."key" = ? LIMIT ?[0m  [["key", "environment"], ["LIMIT", 1]]
  [1m[35m (0.1ms)[0m  [1m[34mSELECT sqlite_version(*)[0m
  [1m[35m (0.1ms)[0m  [1m[34mSELECT "schema_migrations"."version" FROM "schema_migrations" ORDER BY "schema_migrations"."version" ASC[0m
  [1m[35m (0.8ms)[0m  [1m[34mSELECT sqlite_version(*)[0m
  [1m[35m (0.1ms)[0m  [1m[36mbegin transaction[0m
  [1m[36mDoctor Create (0.4ms)[0m  [1m[32mINSERT INTO "doctors" ("created_at", "updated_at") VALUES (?, ?)[0m  [["created_at", "2019-10-24 13:36:58.897482"], ["updated_at", "2019-10-24 13:36:58.897482"]]
  [1m[35m (2.4ms)[0m  [1m[36mcommit transaction[0m
  [1m[35m (0.1ms)[0m  [1m[36mbegin transaction[0m
  [1m[36mPatient Create (0.3ms)[0m  [1m[32mINSERT INTO "patients" ("created_at", "updated_at") VALUES (?, ?)[0m  [["created_at", "2019-10-24 13:37:07.327930"], ["updated_at", "2019-10-24 13:37:07.327930"]]
  [1m[35m (5.9ms)[0m  [1m[36mcommit transaction[0m
  [1m[35m (0.7ms)[0m  [1m[34mSELECT sqlite_version(*)[0m
  [1m[35m (0.1ms)[0m  [1m[34mSELECT "schema_migrations"."version" FROM "schema_migrations" ORDER BY "schema_migrations"."version" ASC[0m
  [1m[35m (0.1ms)[0m  [1m[34mSELECT "schema_migrations"."version" FROM "schema_migrations" ORDER BY "schema_migrations"."version" ASC[0m
  [1m[35m (0.1ms)[0m  [1m[34mSELECT "schema_migrations"."version" FROM "schema_migrations" ORDER BY "schema_migrations"."version" ASC[0m
  [1m[35m (0.1ms)[0m  [1m[34mSELECT "schema_migrations"."version" FROM "schema_migrations" ORDER BY "schema_migrations"."version" ASC[0m
Migrating to CreateAppointments (20191024130753)
  [1m[35m (0.1ms)[0m  [1m[36mbegin transaction[0m
  [1m[35m (0.5ms)[0m  [1m[35mDROP TABLE "appointments"[0m
  [1m[36mprimary::SchemaMigration Destroy (0.6ms)[0m  [1m[31mDELETE FROM "schema_migrations" WHERE "schema_migrations"."version" = ?[0m  [["version", "20191024130753"]]
  [1m[35m (1.6ms)[0m  [1m[36mcommit transaction[0m
  [1m[35m (0.1ms)[0m  [1m[34mSELECT sqlite_version(*)[0m
  [1m[35m (0.1ms)[0m  [1m[34mSELECT "schema_migrations"."version" FROM "schema_migrations" ORDER BY "schema_migrations"."version" ASC[0m
  [1m[35m (0.7ms)[0m  [1m[34mSELECT sqlite_version(*)[0m
  [1m[35m (0.1ms)[0m  [1m[34mSELECT "schema_migrations"."version" FROM "schema_migrations" ORDER BY "schema_migrations"."version" ASC[0m
  [1m[35m (0.7ms)[0m  [1m[34mSELECT sqlite_version(*)[0m
  [1m[35m (0.1ms)[0m  [1m[34mSELECT "schema_migrations"."version" FROM "schema_migrations" ORDER BY "schema_migrations"."version" ASC[0m
Migrating to CreateAppointments (20191024130753)
  [1m[35m (0.1ms)[0m  [1m[36mbegin transaction[0m
  [1m[35m (0.4ms)[0m  [1m[35mCREATE TABLE "appointments" ("id" integer PRIMARY KEY AUTOINCREMENT NOT NULL, "doctor_id" integer, "patient_id" integer, "appointment_date" datetime, "created_at" datetime(6) NOT NULL, "updated_at" datetime(6) NOT NULL)[0m
  [1m[35m (0.1ms)[0m  [1m[35mCREATE  INDEX "index_appointments_on_doctor_id" ON "appointments" ("doctor_id")[0m
  [1m[35m (0.4ms)[0m  [1m[35mCREATE  INDEX "index_appointments_on_patient_id" ON "appointments" ("patient_id")[0m
  [1m[36mprimary::SchemaMigration Create (0.2ms)[0m  [1m[32mINSERT INTO "schema_migrations" ("version") VALUES (?)[0m  [["version", "20191024130753"]]
  [1m[35m (6.8ms)[0m  [1m[36mcommit transaction[0m
  [1m[36mActiveRecord::InternalMetadata Load (0.2ms)[0m  [1m[34mSELECT "ar_internal_metadata".* FROM "ar_internal_metadata" WHERE "ar_internal_metadata"."key" = ? LIMIT ?[0m  [["key", "environment"], ["LIMIT", 1]]
  [1m[35m (0.1ms)[0m  [1m[34mSELECT sqlite_version(*)[0m
  [1m[35m (0.1ms)[0m  [1m[34mSELECT "schema_migrations"."version" FROM "schema_migrations" ORDER BY "schema_migrations"."version" ASC[0m
  [1m[35m (0.8ms)[0m  [1m[34mSELECT sqlite_version(*)[0m
  [1m[35m (0.1ms)[0m  [1m[36mbegin transaction[0m
  [1m[36mDoctor Create (0.4ms)[0m  [1m[32mINSERT INTO "doctors" ("created_at", "updated_at") VALUES (?, ?)[0m  [["created_at", "2019-10-24 13:40:12.151492"], ["updated_at", "2019-10-24 13:40:12.151492"]]
  [1m[35m (1.1ms)[0m  [1m[36mcommit transaction[0m
  [1m[35m (0.1ms)[0m  [1m[36mbegin transaction[0m
  [1m[36mPatient Create (0.3ms)[0m  [1m[32mINSERT INTO "patients" ("created_at", "updated_at") VALUES (?, ?)[0m  [["created_at", "2019-10-24 13:40:18.011910"], ["updated_at", "2019-10-24 13:40:18.011910"]]
  [1m[35m (6.8ms)[0m  [1m[36mcommit transaction[0m
  [1m[35m (0.1ms)[0m  [1m[36mbegin transaction[0m
  [1m[36mAppointment Create (0.4ms)[0m  [1m[32mINSERT INTO "appointments" ("doctor_id", "patient_id", "created_at", "updated_at") VALUES (?, ?, ?, ?)[0m  [["doctor_id", 3], ["patient_id", 3], ["created_at", "2019-10-24 13:40:33.235931"], ["updated_at", "2019-10-24 13:40:33.235931"]]
  [1m[35m (1.1ms)[0m  [1m[36mcommit transaction[0m
  [1m[36mPatient Load (0.2ms)[0m  [1m[34mSELECT "patients".* FROM "patients" INNER JOIN "appointments" ON "patients"."id" = "appointments"."patient_id" WHERE "appointments"."doctor_id" = ? LIMIT ?[0m  [["doctor_id", 3], ["LIMIT", 11]]
  [1m[36mDoctor Load (0.3ms)[0m  [1m[34mSELECT "doctors".* FROM "doctors" INNER JOIN "appointments" ON "doctors"."id" = "appointments"."doctor_id" WHERE "appointments"."patient_id" = ? LIMIT ?[0m  [["patient_id", 3], ["LIMIT", 11]]
  [1m[35m (0.7ms)[0m  [1m[34mSELECT sqlite_version(*)[0m
  [1m[35m (0.1ms)[0m  [1m[34mSELECT "schema_migrations"."version" FROM "schema_migrations" ORDER BY "schema_migrations"."version" ASC[0m
Migrating to CreateCities (20191024140246)
  [1m[35m (0.1ms)[0m  [1m[36mbegin transaction[0m
  [1m[35m (0.5ms)[0m  [1m[35mCREATE TABLE "cities" ("id" integer PRIMARY KEY AUTOINCREMENT NOT NULL, "name" varchar, "created_at" datetime(6) NOT NULL, "updated_at" datetime(6) NOT NULL)[0m
  [1m[36mprimary::SchemaMigration Create (0.2ms)[0m  [1m[32mINSERT INTO "schema_migrations" ("version") VALUES (?)[0m  [["version", "20191024140246"]]
  [1m[35m (3.2ms)[0m  [1m[36mcommit transaction[0m
Migrating to EreaseSpecialityFromDoctors (20191024140409)
  [1m[35m (0.1ms)[0m  [1m[36mbegin transaction[0m
  [1m[35m (0.0ms)[0m  [1m[35mPRAGMA foreign_keys[0m
  [1m[35m (0.0ms)[0m  [1m[35mPRAGMA defer_foreign_keys[0m
  [1m[35m (0.1ms)[0m  [1m[35mPRAGMA defer_foreign_keys = ON[0m
  [1m[35m (0.1ms)[0m  [1m[35mPRAGMA foreign_keys = OFF[0m
  [1m[35m (0.1ms)[0m  [1m[35mCREATE TEMPORARY TABLE "adoctors" ("id" integer NOT NULL PRIMARY KEY, "first_name" varchar DEFAULT NULL, "last_name" varchar DEFAULT NULL, "speciality" varchar DEFAULT NULL, "zip_code" varchar DEFAULT NULL, "created_at" datetime(6) NOT NULL, "updated_at" datetime(6) NOT NULL)[0m
  [1m[35m (0.1ms)[0m  [1m[32mINSERT INTO "adoctors" ("id","first_name","last_name","speciality","zip_code","created_at","updated_at")
                     SELECT "id","first_name","last_name","speciality","zip_code","created_at","updated_at" FROM "doctors"[0m
  [1m[35m (0.3ms)[0m  [1m[35mDROP TABLE "doctors"[0m
  [1m[35m (0.1ms)[0m  [1m[35mCREATE TABLE "doctors" ("id" integer NOT NULL PRIMARY KEY, "first_name" varchar DEFAULT NULL, "last_name" varchar DEFAULT NULL, "zip_code" varchar DEFAULT NULL, "created_at" datetime(6) NOT NULL, "updated_at" datetime(6) NOT NULL)[0m
  [1m[35m (0.1ms)[0m  [1m[32mINSERT INTO "doctors" ("id","first_name","last_name","zip_code","created_at","updated_at")
                     SELECT "id","first_name","last_name","zip_code","created_at","updated_at" FROM "adoctors"[0m
  [1m[35m (0.1ms)[0m  [1m[35mDROP TABLE "adoctors"[0m
  [1m[35m (0.1ms)[0m  [1m[35mPRAGMA defer_foreign_keys = 0[0m
  [1m[35m (0.4ms)[0m  [1m[35mPRAGMA foreign_keys = 1[0m
  [1m[36mprimary::SchemaMigration Create (0.2ms)[0m  [1m[32mINSERT INTO "schema_migrations" ("version") VALUES (?)[0m  [["version", "20191024140409"]]
  [1m[35m (1.2ms)[0m  [1m[36mcommit transaction[0m
  [1m[36mActiveRecord::InternalMetadata Load (0.1ms)[0m  [1m[34mSELECT "ar_internal_metadata".* FROM "ar_internal_metadata" WHERE "ar_internal_metadata"."key" = ? LIMIT ?[0m  [["key", "environment"], ["LIMIT", 1]]
  [1m[35m (0.1ms)[0m  [1m[34mSELECT sqlite_version(*)[0m
  [1m[35m (0.1ms)[0m  [1m[34mSELECT "schema_migrations"."version" FROM "schema_migrations" ORDER BY "schema_migrations"."version" ASC[0m
  [1m[35m (0.8ms)[0m  [1m[34mSELECT sqlite_version(*)[0m
  [1m[35m (0.1ms)[0m  [1m[36mbegin transaction[0m
  [1m[36mDoctor Create (1.1ms)[0m  [1m[32mINSERT INTO "doctors" ("created_at", "updated_at") VALUES (?, ?)[0m  [["created_at", "2019-10-24 14:17:03.662686"], ["updated_at", "2019-10-24 14:17:03.662686"]]
  [1m[35m (1.6ms)[0m  [1m[36mcommit transaction[0m
  [1m[35m (0.1ms)[0m  [1m[36mbegin transaction[0m
  [1m[36mPatient Create (0.3ms)[0m  [1m[32mINSERT INTO "patients" ("created_at", "updated_at") VALUES (?, ?)[0m  [["created_at", "2019-10-24 14:17:52.807751"], ["updated_at", "2019-10-24 14:17:52.807751"]]
  [1m[35m (1.1ms)[0m  [1m[36mcommit transaction[0m
  [1m[35m (0.7ms)[0m  [1m[34mSELECT sqlite_version(*)[0m
  [1m[35m (0.1ms)[0m  [1m[34mSELECT "schema_migrations"."version" FROM "schema_migrations" ORDER BY "schema_migrations"."version" ASC[0m
Migrating to AddCityIndexToDoctors (20191024142408)
  [1m[35m (0.1ms)[0m  [1m[36mbegin transaction[0m
  [1m[35m (3.3ms)[0m  [1m[35mALTER TABLE "doctors" ADD "city_id" integer[0m
  [1m[35m (0.7ms)[0m  [1m[35mCREATE  INDEX "index_doctors_on_city_id" ON "doctors" ("city_id")[0m
  [1m[35m (0.0ms)[0m  [1m[35mPRAGMA foreign_keys[0m
  [1m[35m (0.1ms)[0m  [1m[35mPRAGMA defer_foreign_keys[0m
  [1m[35m (0.0ms)[0m  [1m[35mPRAGMA defer_foreign_keys = ON[0m
  [1m[35m (0.1ms)[0m  [1m[35mPRAGMA foreign_keys = OFF[0m
  [1m[35m (0.2ms)[0m  [1m[35mCREATE TEMPORARY TABLE "adoctors" ("id" integer NOT NULL PRIMARY KEY, "first_name" varchar DEFAULT NULL, "last_name" varchar DEFAULT NULL, "zip_code" varchar DEFAULT NULL, "created_at" datetime(6) NOT NULL, "updated_at" datetime(6) NOT NULL, "city_id" integer DEFAULT NULL)[0m
  [1m[35m (0.1ms)[0m  [1m[35mCREATE  INDEX "tindex_adoctors_on_city_id" ON "adoctors" ("city_id")[0m
  [1m[35m (0.1ms)[0m  [1m[32mINSERT INTO "adoctors" ("id","first_name","last_name","zip_code","created_at","updated_at","city_id")
                     SELECT "id","first_name","last_name","zip_code","created_at","updated_at","city_id" FROM "doctors"[0m
  [1m[35m (0.1ms)[0m  [1m[35mDROP TABLE "doctors"[0m
  [1m[35m (0.1ms)[0m  [1m[35mCREATE TABLE "doctors" ("id" integer NOT NULL PRIMARY KEY, "first_name" varchar DEFAULT NULL, "last_name" varchar DEFAULT NULL, "zip_code" varchar DEFAULT NULL, "created_at" datetime(6) NOT NULL, "updated_at" datetime(6) NOT NULL, "city_id" integer DEFAULT NULL, CONSTRAINT "fk_rails_7d07bf1fcc"
FOREIGN KEY ("city_id")
  REFERENCES "cities" ("id")
)[0m
  [1m[35m (0.1ms)[0m  [1m[35mCREATE  INDEX "index_doctors_on_city_id" ON "doctors" ("city_id")[0m
  [1m[35m (0.4ms)[0m  [1m[32mINSERT INTO "doctors" ("id","first_name","last_name","zip_code","created_at","updated_at","city_id")
                     SELECT "id","first_name","last_name","zip_code","created_at","updated_at","city_id" FROM "adoctors"[0m
  [1m[35m (0.1ms)[0m  [1m[35mDROP TABLE "adoctors"[0m
  [1m[35m (0.1ms)[0m  [1m[35mPRAGMA defer_foreign_keys = 0[0m
  [1m[35m (0.0ms)[0m  [1m[35mPRAGMA foreign_keys = 1[0m
  [1m[36mprimary::SchemaMigration Create (0.3ms)[0m  [1m[32mINSERT INTO "schema_migrations" ("version") VALUES (?)[0m  [["version", "20191024142408"]]
  [1m[35m (1.3ms)[0m  [1m[36mcommit transaction[0m
Migrating to AddCityIndexToAppointments (20191024142426)
  [1m[35m (0.1ms)[0m  [1m[36mbegin transaction[0m
  [1m[35m (0.4ms)[0m  [1m[35mALTER TABLE "appointments" ADD "city_id" integer[0m
  [1m[35m (0.1ms)[0m  [1m[35mCREATE  INDEX "index_appointments_on_city_id" ON "appointments" ("city_id")[0m
  [1m[35m (0.0ms)[0m  [1m[35mPRAGMA foreign_keys[0m
  [1m[35m (0.0ms)[0m  [1m[35mPRAGMA defer_foreign_keys[0m
  [1m[35m (0.0ms)[0m  [1m[35mPRAGMA defer_foreign_keys = ON[0m
  [1m[35m (0.1ms)[0m  [1m[35mPRAGMA foreign_keys = OFF[0m
  [1m[35m (0.2ms)[0m  [1m[35mCREATE TEMPORARY TABLE "aappointments" ("id" integer NOT NULL PRIMARY KEY, "doctor_id" integer DEFAULT NULL, "patient_id" integer DEFAULT NULL, "appointment_date" datetime DEFAULT NULL, "created_at" datetime(6) NOT NULL, "updated_at" datetime(6) NOT NULL, "city_id" integer DEFAULT NULL)[0m
  [1m[35m (0.6ms)[0m  [1m[35mCREATE  INDEX "tindex_aappointments_on_city_id" ON "aappointments" ("city_id")[0m
  [1m[35m (0.2ms)[0m  [1m[35mCREATE  INDEX "tindex_aappointments_on_patient_id" ON "aappointments" ("patient_id")[0m
  [1m[35m (0.1ms)[0m  [1m[35mCREATE  INDEX "tindex_aappointments_on_doctor_id" ON "aappointments" ("doctor_id")[0m
  [1m[35m (0.1ms)[0m  [1m[32mINSERT INTO "aappointments" ("id","doctor_id","patient_id","appointment_date","created_at","updated_at","city_id")
                     SELECT "id","doctor_id","patient_id","appointment_date","created_at","updated_at","city_id" FROM "appointments"[0m
  [1m[35m (0.2ms)[0m  [1m[35mDROP TABLE "appointments"[0m
  [1m[35m (0.1ms)[0m  [1m[35mCREATE TABLE "appointments" ("id" integer NOT NULL PRIMARY KEY, "doctor_id" integer DEFAULT NULL, "patient_id" integer DEFAULT NULL, "appointment_date" datetime DEFAULT NULL, "created_at" datetime(6) NOT NULL, "updated_at" datetime(6) NOT NULL, "city_id" integer DEFAULT NULL, CONSTRAINT "fk_rails_fecccdeb72"
FOREIGN KEY ("city_id")
  REFERENCES "cities" ("id")
)[0m
  [1m[35m (0.1ms)[0m  [1m[35mCREATE  INDEX "index_appointments_on_doctor_id" ON "appointments" ("doctor_id")[0m
  [1m[35m (0.1ms)[0m  [1m[35mCREATE  INDEX "index_appointments_on_patient_id" ON "appointments" ("patient_id")[0m
  [1m[35m (0.1ms)[0m  [1m[35mCREATE  INDEX "index_appointments_on_city_id" ON "appointments" ("city_id")[0m
  [1m[35m (0.1ms)[0m  [1m[32mINSERT INTO "appointments" ("id","doctor_id","patient_id","appointment_date","created_at","updated_at","city_id")
                     SELECT "id","doctor_id","patient_id","appointment_date","created_at","updated_at","city_id" FROM "aappointments"[0m
  [1m[35m (0.1ms)[0m  [1m[35mDROP TABLE "aappointments"[0m
  [1m[35m (0.0ms)[0m  [1m[35mPRAGMA defer_foreign_keys = 0[0m
  [1m[35m (0.0ms)[0m  [1m[35mPRAGMA foreign_keys = 1[0m
  [1m[36mprimary::SchemaMigration Create (0.1ms)[0m  [1m[32mINSERT INTO "schema_migrations" ("version") VALUES (?)[0m  [["version", "20191024142426"]]
  [1m[35m (1.2ms)[0m  [1m[36mcommit transaction[0m
Migrating to AddCityIndexToPatients (20191024142444)
  [1m[35m (0.1ms)[0m  [1m[36mbegin transaction[0m
  [1m[35m (0.5ms)[0m  [1m[35mALTER TABLE "patients" ADD "city_id" integer[0m
  [1m[35m (0.1ms)[0m  [1m[35mCREATE  INDEX "index_patients_on_city_id" ON "patients" ("city_id")[0m
  [1m[35m (0.0ms)[0m  [1m[35mPRAGMA foreign_keys[0m
  [1m[35m (0.0ms)[0m  [1m[35mPRAGMA defer_foreign_keys[0m
  [1m[35m (0.0ms)[0m  [1m[35mPRAGMA defer_foreign_keys = ON[0m
  [1m[35m (0.0ms)[0m  [1m[35mPRAGMA foreign_keys = OFF[0m
  [1m[35m (0.1ms)[0m  [1m[35mCREATE TEMPORARY TABLE "apatients" ("id" integer NOT NULL PRIMARY KEY, "first_name" varchar DEFAULT NULL, "last_name" varchar DEFAULT NULL, "created_at" datetime(6) NOT NULL, "updated_at" datetime(6) NOT NULL, "city_id" integer DEFAULT NULL)[0m
  [1m[35m (0.4ms)[0m  [1m[35mCREATE  INDEX "tindex_apatients_on_city_id" ON "apatients" ("city_id")[0m
  [1m[35m (0.2ms)[0m  [1m[32mINSERT INTO "apatients" ("id","first_name","last_name","created_at","updated_at","city_id")
                     SELECT "id","first_name","last_name","created_at","updated_at","city_id" FROM "patients"[0m
  [1m[35m (0.5ms)[0m  [1m[35mDROP TABLE "patients"[0m
  [1m[35m (0.1ms)[0m  [1m[35mCREATE TABLE "patients" ("id" integer NOT NULL PRIMARY KEY, "first_name" varchar DEFAULT NULL, "last_name" varchar DEFAULT NULL, "created_at" datetime(6) NOT NULL, "updated_at" datetime(6) NOT NULL, "city_id" integer DEFAULT NULL, CONSTRAINT "fk_rails_5f4f0a6f13"
FOREIGN KEY ("city_id")
  REFERENCES "cities" ("id")
)[0m
  [1m[35m (0.1ms)[0m  [1m[35mCREATE  INDEX "index_patients_on_city_id" ON "patients" ("city_id")[0m
  [1m[35m (0.1ms)[0m  [1m[32mINSERT INTO "patients" ("id","first_name","last_name","created_at","updated_at","city_id")
                     SELECT "id","first_name","last_name","created_at","updated_at","city_id" FROM "apatients"[0m
  [1m[35m (0.1ms)[0m  [1m[35mDROP TABLE "apatients"[0m
  [1m[35m (0.0ms)[0m  [1m[35mPRAGMA defer_foreign_keys = 0[0m
  [1m[35m (0.0ms)[0m  [1m[35mPRAGMA foreign_keys = 1[0m
  [1m[36mprimary::SchemaMigration Create (0.1ms)[0m  [1m[32mINSERT INTO "schema_migrations" ("version") VALUES (?)[0m  [["version", "20191024142444"]]
  [1m[35m (1.1ms)[0m  [1m[36mcommit transaction[0m
  [1m[36mActiveRecord::InternalMetadata Load (0.1ms)[0m  [1m[34mSELECT "ar_internal_metadata".* FROM "ar_internal_metadata" WHERE "ar_internal_metadata"."key" = ? LIMIT ?[0m  [["key", "environment"], ["LIMIT", 1]]
  [1m[35m (0.1ms)[0m  [1m[34mSELECT sqlite_version(*)[0m
  [1m[35m (0.1ms)[0m  [1m[34mSELECT "schema_migrations"."version" FROM "schema_migrations" ORDER BY "schema_migrations"."version" ASC[0m
  [1m[35m (0.7ms)[0m  [1m[34mSELECT sqlite_version(*)[0m
  [1m[35m (0.1ms)[0m  [1m[34mSELECT "schema_migrations"."version" FROM "schema_migrations" ORDER BY "schema_migrations"."version" ASC[0m
  [1m[35m (0.7ms)[0m  [1m[34mSELECT sqlite_version(*)[0m
  [1m[35m (0.1ms)[0m  [1m[34mSELECT "schema_migrations"."version" FROM "schema_migrations" ORDER BY "schema_migrations"."version" ASC[0m
Migrating to CreateSpecialties (20191024143951)
  [1m[35m (0.1ms)[0m  [1m[36mbegin transaction[0m
  [1m[35m (0.4ms)[0m  [1m[35mCREATE TABLE "specialties" ("id" integer PRIMARY KEY AUTOINCREMENT NOT NULL, "name" varchar, "created_at" datetime(6) NOT NULL, "updated_at" datetime(6) NOT NULL)[0m
  [1m[36mprimary::SchemaMigration Create (0.2ms)[0m  [1m[32mINSERT INTO "schema_migrations" ("version") VALUES (?)[0m  [["version", "20191024143951"]]
  [1m[35m (6.6ms)[0m  [1m[36mcommit transaction[0m
Migrating to AddSpetialityIndexToAppointments (20191024150234)
  [1m[35m (0.1ms)[0m  [1m[36mbegin transaction[0m
  [1m[35m (0.7ms)[0m  [1m[35mALTER TABLE "appointments" ADD "spetiality_id" integer[0m
  [1m[35m (0.1ms)[0m  [1m[35mCREATE  INDEX "index_appointments_on_spetiality_id" ON "appointments" ("spetiality_id")[0m
  [1m[35m (0.0ms)[0m  [1m[35mPRAGMA foreign_keys[0m
  [1m[35m (0.0ms)[0m  [1m[35mPRAGMA defer_foreign_keys[0m
  [1m[35m (0.1ms)[0m  [1m[35mPRAGMA defer_foreign_keys = ON[0m
  [1m[35m (0.1ms)[0m  [1m[35mPRAGMA foreign_keys = OFF[0m
  [1m[35m (0.2ms)[0m  [1m[35mCREATE TEMPORARY TABLE "aappointments" ("id" integer NOT NULL PRIMARY KEY, "doctor_id" integer DEFAULT NULL, "patient_id" integer DEFAULT NULL, "appointment_date" datetime DEFAULT NULL, "created_at" datetime(6) NOT NULL, "updated_at" datetime(6) NOT NULL, "city_id" integer DEFAULT NULL, "spetiality_id" integer DEFAULT NULL)[0m
  [1m[35m (0.1ms)[0m  [1m[35mCREATE  INDEX "tindex_aappointments_on_spetiality_id" ON "aappointments" ("spetiality_id")[0m
  [1m[35m (0.3ms)[0m  [1m[35mCREATE  INDEX "tindex_aappointments_on_city_id" ON "aappointments" ("city_id")[0m
  [1m[35m (0.1ms)[0m  [1m[35mCREATE  INDEX "tindex_aappointments_on_patient_id" ON "aappointments" ("patient_id")[0m
  [1m[35m (0.1ms)[0m  [1m[35mCREATE  INDEX "tindex_aappointments_on_doctor_id" ON "aappointments" ("doctor_id")[0m
  [1m[35m (0.1ms)[0m  [1m[32mINSERT INTO "aappointments" ("id","doctor_id","patient_id","appointment_date","created_at","updated_at","city_id","spetiality_id")
                     SELECT "id","doctor_id","patient_id","appointment_date","created_at","updated_at","city_id","spetiality_id" FROM "appointments"[0m
  [1m[35m (0.4ms)[0m  [1m[35mDROP TABLE "appointments"[0m
  [1m[35m (0.2ms)[0m  [1m[35mCREATE TABLE "appointments" ("id" integer NOT NULL PRIMARY KEY, "doctor_id" integer DEFAULT NULL, "patient_id" integer DEFAULT NULL, "appointment_date" datetime DEFAULT NULL, "created_at" datetime(6) NOT NULL, "updated_at" datetime(6) NOT NULL, "city_id" integer DEFAULT NULL, "spetiality_id" integer DEFAULT NULL, CONSTRAINT "fk_rails_fecccdeb72"
FOREIGN KEY ("city_id")
  REFERENCES "cities" ("id")
, CONSTRAINT "fk_rails_774c4fc0bd"
FOREIGN KEY ("spetiality_id")
  REFERENCES "spetialities" ("id")
)[0m
  [1m[35m (0.1ms)[0m  [1m[35mCREATE  INDEX "index_appointments_on_doctor_id" ON "appointments" ("doctor_id")[0m
  [1m[35m (0.1ms)[0m  [1m[35mCREATE  INDEX "index_appointments_on_patient_id" ON "appointments" ("patient_id")[0m
  [1m[35m (0.1ms)[0m  [1m[35mCREATE  INDEX "index_appointments_on_city_id" ON "appointments" ("city_id")[0m
  [1m[35m (0.1ms)[0m  [1m[35mCREATE  INDEX "index_appointments_on_spetiality_id" ON "appointments" ("spetiality_id")[0m
  [1m[35m (1.1ms)[0m  [1m[32mINSERT INTO "appointments" ("id","doctor_id","patient_id","appointment_date","created_at","updated_at","city_id","spetiality_id")
                     SELECT "id","doctor_id","patient_id","appointment_date","created_at","updated_at","city_id","spetiality_id" FROM "aappointments"[0m
  [1m[35m (0.1ms)[0m  [1m[35mPRAGMA defer_foreign_keys = 0[0m
  [1m[35m (0.0ms)[0m  [1m[35mPRAGMA foreign_keys = 1[0m
  [1m[35m (2.3ms)[0m  [1m[31mrollback transaction[0m
  [1m[35m (0.7ms)[0m  [1m[34mSELECT sqlite_version(*)[0m
  [1m[35m (0.1ms)[0m  [1m[34mSELECT "schema_migrations"."version" FROM "schema_migrations" ORDER BY "schema_migrations"."version" ASC[0m
  [1m[35m (0.6ms)[0m  [1m[34mSELECT sqlite_version(*)[0m
  [1m[35m (0.1ms)[0m  [1m[34mSELECT "schema_migrations"."version" FROM "schema_migrations" ORDER BY "schema_migrations"."version" ASC[0m
Migrating to AddSpetialityIndexToAppointments (20191024150234)
  [1m[35m (0.1ms)[0m  [1m[36mbegin transaction[0m
  [1m[35m (0.5ms)[0m  [1m[35mALTER TABLE "appointments" ADD "spetiality_id" integer[0m
  [1m[35m (0.1ms)[0m  [1m[35mCREATE  INDEX "index_appointments_on_spetiality_id" ON "appointments" ("spetiality_id")[0m
  [1m[35m (0.0ms)[0m  [1m[35mPRAGMA foreign_keys[0m
  [1m[35m (0.0ms)[0m  [1m[35mPRAGMA defer_foreign_keys[0m
  [1m[35m (0.0ms)[0m  [1m[35mPRAGMA defer_foreign_keys = ON[0m
  [1m[35m (0.0ms)[0m  [1m[35mPRAGMA foreign_keys = OFF[0m
  [1m[35m (0.1ms)[0m  [1m[35mCREATE TEMPORARY TABLE "aappointments" ("id" integer NOT NULL PRIMARY KEY, "doctor_id" integer DEFAULT NULL, "patient_id" integer DEFAULT NULL, "appointment_date" datetime DEFAULT NULL, "created_at" datetime(6) NOT NULL, "updated_at" datetime(6) NOT NULL, "city_id" integer DEFAULT NULL, "spetiality_id" integer DEFAULT NULL)[0m
  [1m[35m (0.1ms)[0m  [1m[35mCREATE  INDEX "tindex_aappointments_on_spetiality_id" ON "aappointments" ("spetiality_id")[0m
  [1m[35m (0.1ms)[0m  [1m[35mCREATE  INDEX "tindex_aappointments_on_city_id" ON "aappointments" ("city_id")[0m
  [1m[35m (0.1ms)[0m  [1m[35mCREATE  INDEX "tindex_aappointments_on_patient_id" ON "aappointments" ("patient_id")[0m
  [1m[35m (0.1ms)[0m  [1m[35mCREATE  INDEX "tindex_aappointments_on_doctor_id" ON "aappointments" ("doctor_id")[0m
  [1m[35m (0.1ms)[0m  [1m[32mINSERT INTO "aappointments" ("id","doctor_id","patient_id","appointment_date","created_at","updated_at","city_id","spetiality_id")
                     SELECT "id","doctor_id","patient_id","appointment_date","created_at","updated_at","city_id","spetiality_id" FROM "appointments"[0m
  [1m[35m (0.3ms)[0m  [1m[35mDROP TABLE "appointments"[0m
  [1m[35m (0.2ms)[0m  [1m[35mCREATE TABLE "appointments" ("id" integer NOT NULL PRIMARY KEY, "doctor_id" integer DEFAULT NULL, "patient_id" integer DEFAULT NULL, "appointment_date" datetime DEFAULT NULL, "created_at" datetime(6) NOT NULL, "updated_at" datetime(6) NOT NULL, "city_id" integer DEFAULT NULL, "spetiality_id" integer DEFAULT NULL, CONSTRAINT "fk_rails_fecccdeb72"
FOREIGN KEY ("city_id")
  REFERENCES "cities" ("id")
, CONSTRAINT "fk_rails_774c4fc0bd"
FOREIGN KEY ("spetiality_id")
  REFERENCES "spetialities" ("id")
)[0m
  [1m[35m (0.1ms)[0m  [1m[35mCREATE  INDEX "index_appointments_on_doctor_id" ON "appointments" ("doctor_id")[0m
  [1m[35m (0.1ms)[0m  [1m[35mCREATE  INDEX "index_appointments_on_patient_id" ON "appointments" ("patient_id")[0m
  [1m[35m (0.1ms)[0m  [1m[35mCREATE  INDEX "index_appointments_on_city_id" ON "appointments" ("city_id")[0m
  [1m[35m (0.1ms)[0m  [1m[35mCREATE  INDEX "index_appointments_on_spetiality_id" ON "appointments" ("spetiality_id")[0m
  [1m[35m (1.6ms)[0m  [1m[32mINSERT INTO "appointments" ("id","doctor_id","patient_id","appointment_date","created_at","updated_at","city_id","spetiality_id")
                     SELECT "id","doctor_id","patient_id","appointment_date","created_at","updated_at","city_id","spetiality_id" FROM "aappointments"[0m
  [1m[35m (0.1ms)[0m  [1m[35mPRAGMA defer_foreign_keys = 0[0m
  [1m[35m (0.0ms)[0m  [1m[35mPRAGMA foreign_keys = 1[0m
  [1m[35m (5.7ms)[0m  [1m[31mrollback transaction[0m
  [1m[35m (0.7ms)[0m  [1m[34mSELECT sqlite_version(*)[0m
  [1m[35m (0.1ms)[0m  [1m[34mSELECT "schema_migrations"."version" FROM "schema_migrations" ORDER BY "schema_migrations"."version" ASC[0m
  [1m[35m (0.7ms)[0m  [1m[34mSELECT sqlite_version(*)[0m
  [1m[35m (0.1ms)[0m  [1m[34mSELECT "schema_migrations"."version" FROM "schema_migrations" ORDER BY "schema_migrations"."version" ASC[0m
Migrating to AddSpetialityIndexToAppointments (20191024150234)
  [1m[35m (0.1ms)[0m  [1m[36mbegin transaction[0m
  [1m[35m (0.5ms)[0m  [1m[35mALTER TABLE "appointments" ADD "specialty_id" integer[0m
  [1m[35m (0.1ms)[0m  [1m[35mCREATE  INDEX "index_appointments_on_specialty_id" ON "appointments" ("specialty_id")[0m
  [1m[35m (0.0ms)[0m  [1m[35mPRAGMA foreign_keys[0m
  [1m[35m (0.0ms)[0m  [1m[35mPRAGMA defer_foreign_keys[0m
  [1m[35m (0.0ms)[0m  [1m[35mPRAGMA defer_foreign_keys = ON[0m
  [1m[35m (0.0ms)[0m  [1m[35mPRAGMA foreign_keys = OFF[0m
  [1m[35m (0.1ms)[0m  [1m[35mCREATE TEMPORARY TABLE "aappointments" ("id" integer NOT NULL PRIMARY KEY, "doctor_id" integer DEFAULT NULL, "patient_id" integer DEFAULT NULL, "appointment_date" datetime DEFAULT NULL, "created_at" datetime(6) NOT NULL, "updated_at" datetime(6) NOT NULL, "city_id" integer DEFAULT NULL, "specialty_id" integer DEFAULT NULL)[0m
  [1m[35m (0.1ms)[0m  [1m[35mCREATE  INDEX "tindex_aappointments_on_specialty_id" ON "aappointments" ("specialty_id")[0m
  [1m[35m (0.1ms)[0m  [1m[35mCREATE  INDEX "tindex_aappointments_on_city_id" ON "aappointments" ("city_id")[0m
  [1m[35m (0.1ms)[0m  [1m[35mCREATE  INDEX "tindex_aappointments_on_patient_id" ON "aappointments" ("patient_id")[0m
  [1m[35m (0.1ms)[0m  [1m[35mCREATE  INDEX "tindex_aappointments_on_doctor_id" ON "aappointments" ("doctor_id")[0m
  [1m[35m (0.1ms)[0m  [1m[32mINSERT INTO "aappointments" ("id","doctor_id","patient_id","appointment_date","created_at","updated_at","city_id","specialty_id")
                     SELECT "id","doctor_id","patient_id","appointment_date","created_at","updated_at","city_id","specialty_id" FROM "appointments"[0m
  [1m[35m (0.3ms)[0m  [1m[35mDROP TABLE "appointments"[0m
  [1m[35m (0.1ms)[0m  [1m[35mCREATE TABLE "appointments" ("id" integer NOT NULL PRIMARY KEY, "doctor_id" integer DEFAULT NULL, "patient_id" integer DEFAULT NULL, "appointment_date" datetime DEFAULT NULL, "created_at" datetime(6) NOT NULL, "updated_at" datetime(6) NOT NULL, "city_id" integer DEFAULT NULL, "specialty_id" integer DEFAULT NULL, CONSTRAINT "fk_rails_fecccdeb72"
FOREIGN KEY ("city_id")
  REFERENCES "cities" ("id")
, CONSTRAINT "fk_rails_0d84d279b3"
FOREIGN KEY ("specialty_id")
  REFERENCES "specialties" ("id")
)[0m
  [1m[35m (0.1ms)[0m  [1m[35mCREATE  INDEX "index_appointments_on_doctor_id" ON "appointments" ("doctor_id")[0m
  [1m[35m (0.1ms)[0m  [1m[35mCREATE  INDEX "index_appointments_on_patient_id" ON "appointments" ("patient_id")[0m
  [1m[35m (0.1ms)[0m  [1m[35mCREATE  INDEX "index_appointments_on_city_id" ON "appointments" ("city_id")[0m
  [1m[35m (0.1ms)[0m  [1m[35mCREATE  INDEX "index_appointments_on_specialty_id" ON "appointments" ("specialty_id")[0m
  [1m[35m (0.1ms)[0m  [1m[32mINSERT INTO "appointments" ("id","doctor_id","patient_id","appointment_date","created_at","updated_at","city_id","specialty_id")
                     SELECT "id","doctor_id","patient_id","appointment_date","created_at","updated_at","city_id","specialty_id" FROM "aappointments"[0m
  [1m[35m (0.1ms)[0m  [1m[35mDROP TABLE "aappointments"[0m
  [1m[35m (0.0ms)[0m  [1m[35mPRAGMA defer_foreign_keys = 0[0m
  [1m[35m (0.0ms)[0m  [1m[35mPRAGMA foreign_keys = 1[0m
  [1m[36mprimary::SchemaMigration Create (0.2ms)[0m  [1m[32mINSERT INTO "schema_migrations" ("version") VALUES (?)[0m  [["version", "20191024150234"]]
  [1m[35m (6.7ms)[0m  [1m[36mcommit transaction[0m
  [1m[36mActiveRecord::InternalMetadata Load (0.2ms)[0m  [1m[34mSELECT "ar_internal_metadata".* FROM "ar_internal_metadata" WHERE "ar_internal_metadata"."key" = ? LIMIT ?[0m  [["key", "environment"], ["LIMIT", 1]]
  [1m[35m (0.0ms)[0m  [1m[34mSELECT sqlite_version(*)[0m
  [1m[35m (0.1ms)[0m  [1m[34mSELECT "schema_migrations"."version" FROM "schema_migrations" ORDER BY "schema_migrations"."version" ASC[0m
  [1m[35m (0.7ms)[0m  [1m[34mSELECT sqlite_version(*)[0m
  [1m[35m (0.1ms)[0m  [1m[34mSELECT "schema_migrations"."version" FROM "schema_migrations" ORDER BY "schema_migrations"."version" ASC[0m
  [1m[35m (0.8ms)[0m  [1m[34mSELECT sqlite_version(*)[0m
  [1m[35m (0.1ms)[0m  [1m[36mbegin transaction[0m
  [1m[36mCity Create (5.6ms)[0m  [1m[32mINSERT INTO "cities" ("created_at", "updated_at") VALUES (?, ?)[0m  [["created_at", "2019-10-24 15:09:03.196012"], ["updated_at", "2019-10-24 15:09:03.196012"]]
  [1m[35m (1.0ms)[0m  [1m[36mcommit transaction[0m
  [1m[35m (0.1ms)[0m  [1m[36mbegin transaction[0m
  [1m[36mSpecialty Create (0.3ms)[0m  [1m[32mINSERT INTO "specialties" ("created_at", "updated_at") VALUES (?, ?)[0m  [["created_at", "2019-10-24 15:09:20.307118"], ["updated_at", "2019-10-24 15:09:20.307118"]]
  [1m[35m (1.0ms)[0m  [1m[36mcommit transaction[0m
  [1m[35m (0.1ms)[0m  [1m[36mbegin transaction[0m
  [1m[36mAppointment Create (0.9ms)[0m  [1m[32mINSERT INTO "appointments" ("created_at", "updated_at", "city_id") VALUES (?, ?, ?)[0m  [["created_at", "2019-10-24 15:10:54.195103"], ["updated_at", "2019-10-24 15:10:54.195103"], ["city_id", 1]]
  [1m[35m (1.4ms)[0m  [1m[36mcommit transaction[0m
  [1m[35m (0.6ms)[0m  [1m[34mSELECT sqlite_version(*)[0m
  [1m[35m (0.2ms)[0m  [1m[34mSELECT "schema_migrations"."version" FROM "schema_migrations" ORDER BY "schema_migrations"."version" ASC[0m
  [1m[35m (0.1ms)[0m  [1m[34mSELECT sqlite_version(*)[0m
  [1m[36mCity Load (0.1ms)[0m  [1m[34mSELECT "cities".* FROM "cities"[0m
  [1m[35m (0.0ms)[0m  [1m[36mbegin transaction[0m
  [1m[36mCity Destroy (0.8ms)[0m  [1m[31mDELETE FROM "cities" WHERE "cities"."id" = ?[0m  [["id", 1]]
  [1m[35m (5.5ms)[0m  [1m[31mrollback transaction[0m
